This file contains any messages produced by compilers while
running configure, to aid debugging if configure makes a mistake.

It was created by configure, which was
generated by GNU Autoconf 2.57.  Invocation command line was

  $ ./configure 

## --------- ##
## Platform. ##
## --------- ##

hostname = hitchhiker
uname -m = i686
uname -r = 2.4.21-pre5
uname -s = Linux
uname -v = #1 Thu Feb 27 07:54:04 CET 2003

/usr/bin/uname -p = unknown
/bin/uname -X     = unknown

/bin/arch              = i686
/usr/bin/arch -k       = unknown
/usr/convex/getsysinfo = unknown
hostinfo               = unknown
/bin/machine           = unknown
/usr/bin/oslevel       = unknown
/bin/universe          = unknown

PATH: /home/aknaff/startup/shell
PATH: /home/aknaff/bin/shell
PATH: /home/aknaff/bin/perl
PATH: /home/aknaff/bin/i586
PATH: /home/aknaff/bin/sql
PATH: /opt/kde3/bin
PATH: /usr/local/bin
PATH: /usr/lib/jdk1.1.3/bin
PATH: /usr/local/teTeX/bin
PATH: /usr/local/bin/X11
PATH: /usr/X11R6/bin
PATH: /usr/X11R6/lib/kde/bin
PATH: /usr/X11R6/lib/qt/bin
PATH: /usr/bin
PATH: /bin
PATH: /usr/games
PATH: /home/aknaff/startup/
PATH: /usr/local/X11/bin
PATH: /sbin
PATH: /usr/local/sbin
PATH: /usr/sbin
PATH: /home/aknaff/compta
PATH: /usr/lib/X11/tk/demos
PATH: /usr/bin/mh
PATH: /home/oracle/OraHome1/bin
PATH: /home/aknaff/platform/DBIF/bin
PATH: /home/aknaff/Essais/java/dbtunnel
PATH: .
PATH: /usr/java/jdk1.3.1/bin
PATH: /usr/java/jdk1.3.1/jre/bin
PATH: /usr/java/jdk1.3.1/jre/lib
PATH: /usr/java/jdk1.3.1/jre/bin/classic


## ----------- ##
## Core tests. ##
## ----------- ##

configure:1328: checking for gcc
configure:1344: found /usr/bin/gcc
configure:1354: result: gcc
configure:1598: checking for C compiler version
configure:1601: gcc --version </dev/null >&5
gcc (GCC) 3.3 20030226 (prerelease) (SuSE Linux)
Copyright (C) 2002 Free Software Foundation, Inc.
This is free software; see the source for copying conditions.  There is NO
warranty; not even for MERCHANTABILITY or FITNESS FOR A PARTICULAR PURPOSE.

configure:1604: $? = 0
configure:1606: gcc -v </dev/null >&5
Reading specs from /usr/lib/gcc-lib/i486-suse-linux/3.3/specs
Configured with: ../configure --enable-threads=posix --prefix=/usr --with-local-prefix=/usr/local --infodir=/usr/share/info --mandir=/usr/share/man --libdir=/usr/lib --enable-languages=c,c++,f77,objc,java,ada --disable-checking --enable-libgcj --with-gxx-include-dir=/usr/include/g++ --with-slibdir=/lib --with-system-zlib --enable-shared --enable-__cxa_atexit i486-suse-linux
Thread model: posix
gcc version 3.3 20030226 (prerelease) (SuSE Linux)
configure:1609: $? = 0
configure:1611: gcc -V </dev/null >&5
gcc: `-V' option must have argument
configure:1614: $? = 1
configure:1638: checking for C compiler default output
configure:1641: gcc    conftest.c  >&5
configure:1644: $? = 0
configure:1690: result: a.out
configure:1695: checking whether the C compiler works
configure:1701: ./a.out
configure:1704: $? = 0
configure:1721: result: yes
configure:1728: checking whether we are cross compiling
configure:1730: result: no
configure:1733: checking for suffix of executables
configure:1735: gcc -o conftest    conftest.c  >&5
configure:1738: $? = 0
configure:1763: result: 
configure:1769: checking for suffix of object files
configure:1791: gcc -c   conftest.c >&5
configure:1794: $? = 0
configure:1816: result: o
configure:1820: checking whether we are using the GNU C compiler
configure:1845: gcc -c   conftest.c >&5
configure:1848: $? = 0
configure:1851: test -s conftest.o
configure:1854: $? = 0
configure:1867: result: yes
configure:1873: checking whether gcc accepts -g
configure:1895: gcc -c -g  conftest.c >&5
configure:1898: $? = 0
configure:1901: test -s conftest.o
configure:1904: $? = 0
configure:1915: result: yes
configure:1932: checking for gcc option to accept ANSI C
configure:1993: gcc  -c -g -O2  conftest.c >&5
configure:1996: $? = 0
configure:1999: test -s conftest.o
configure:2002: $? = 0
configure:2020: result: none needed
configure:2038: gcc -c -g -O2  conftest.c >&5
conftest.c:2: error: parse error before "me"
configure:2041: $? = 1
configure: failed program was:
| #ifndef __cplusplus
|   choke me
| #endif
configure:2156: checking how to run the C preprocessor
configure:2192: gcc -E  conftest.c
configure:2198: $? = 0
configure:2230: gcc -E  conftest.c
configure:2229:28: ac_nonexistent.h: No such file or directory
configure:2236: $? = 1
configure: failed program was:
| #line 2221 "configure"
| /* confdefs.h.  */
| 
| #define PACKAGE_NAME ""
| #define PACKAGE_TARNAME ""
| #define PACKAGE_VERSION ""
| #define PACKAGE_STRING ""
| #define PACKAGE_BUGREPORT ""
| /* end confdefs.h.  */
| #include <ac_nonexistent.h>
configure:2274: result: gcc -E
configure:2299: gcc -E  conftest.c
configure:2305: $? = 0
configure:2337: gcc -E  conftest.c
configure:2336:28: ac_nonexistent.h: No such file or directory
configure:2343: $? = 1
configure: failed program was:
| #line 2328 "configure"
| /* confdefs.h.  */
| 
| #define PACKAGE_NAME ""
| #define PACKAGE_TARNAME ""
| #define PACKAGE_VERSION ""
| #define PACKAGE_STRING ""
| #define PACKAGE_BUGREPORT ""
| /* end confdefs.h.  */
| #include <ac_nonexistent.h>
configure:2386: checking for egrep
configure:2396: result: grep -E
configure:2402: checking whether gcc needs -traditional
configure:2446: result: no
configure:2490: checking for a BSD-compatible install
configure:2544: result: /usr/bin/install -c
configure:2555: checking whether ln -s works
configure:2559: result: yes
configure:2569: checking for install-info
configure:2587: found /sbin/install-info
configure:2600: result: /sbin/install-info
configure:2609: checking for AIX
configure:2632: result: no
configure:2638: checking for library containing strerror
configure:2669: gcc -o conftest -g -O2   conftest.c  >&5
configure:2672: $? = 0
configure:2675: test -s conftest
configure:2678: $? = 0
configure:2737: result: none required
configure:2744: checking for ANSI C header files
configure:2770: gcc -c -g -O2  conftest.c >&5
configure:2773: $? = 0
configure:2776: test -s conftest.o
configure:2779: $? = 0
configure:2868: gcc -o conftest -g -O2   conftest.c  >&5
configure:2871: $? = 0
configure:2873: ./conftest
configure:2876: $? = 0
configure:2891: result: yes
configure:2915: checking for sys/types.h
configure:2932: gcc -c -g -O2  conftest.c >&5
configure:2935: $? = 0
configure:2938: test -s conftest.o
configure:2941: $? = 0
configure:2952: result: yes
configure:2915: checking for sys/stat.h
configure:2932: gcc -c -g -O2  conftest.c >&5
configure:2935: $? = 0
configure:2938: test -s conftest.o
configure:2941: $? = 0
configure:2952: result: yes
configure:2915: checking for stdlib.h
configure:2932: gcc -c -g -O2  conftest.c >&5
configure:2935: $? = 0
configure:2938: test -s conftest.o
configure:2941: $? = 0
configure:2952: result: yes
configure:2915: checking for string.h
configure:2932: gcc -c -g -O2  conftest.c >&5
configure:2935: $? = 0
configure:2938: test -s conftest.o
configure:2941: $? = 0
configure:2952: result: yes
configure:2915: checking for memory.h
configure:2932: gcc -c -g -O2  conftest.c >&5
configure:2935: $? = 0
configure:2938: test -s conftest.o
configure:2941: $? = 0
configure:2952: result: yes
configure:2915: checking for strings.h
configure:2932: gcc -c -g -O2  conftest.c >&5
configure:2935: $? = 0
configure:2938: test -s conftest.o
configure:2941: $? = 0
configure:2952: result: yes
configure:2915: checking for inttypes.h
configure:2932: gcc -c -g -O2  conftest.c >&5
configure:2935: $? = 0
configure:2938: test -s conftest.o
configure:2941: $? = 0
configure:2952: result: yes
configure:2915: checking for stdint.h
configure:2932: gcc -c -g -O2  conftest.c >&5
configure:2935: $? = 0
configure:2938: test -s conftest.o
configure:2941: $? = 0
configure:2952: result: yes
configure:2915: checking for unistd.h
configure:2932: gcc -c -g -O2  conftest.c >&5
configure:2935: $? = 0
configure:2938: test -s conftest.o
configure:2941: $? = 0
configure:2952: result: yes
configure:2974: checking minix/config.h usability
configure:2987: gcc -c -g -O2  conftest.c >&5
configure:3028:26: minix/config.h: No such file or directory
configure:2990: $? = 1
configure: failed program was:
| #line 2976 "configure"
| /* confdefs.h.  */
| 
| #define PACKAGE_NAME ""
| #define PACKAGE_TARNAME ""
| #define PACKAGE_VERSION ""
| #define PACKAGE_STRING ""
| #define PACKAGE_BUGREPORT ""
| #define STDC_HEADERS 1
| #define HAVE_SYS_TYPES_H 1
| #define HAVE_SYS_STAT_H 1
| #define HAVE_STDLIB_H 1
| #define HAVE_STRING_H 1
| #define HAVE_MEMORY_H 1
| #define HAVE_STRINGS_H 1
| #define HAVE_INTTYPES_H 1
| #define HAVE_STDINT_H 1
| #define HAVE_UNISTD_H 1
| /* end confdefs.h.  */
| #include <stdio.h>
| #if HAVE_SYS_TYPES_H
| # include <sys/types.h>
| #endif
| #if HAVE_SYS_STAT_H
| # include <sys/stat.h>
| #endif
| #if STDC_HEADERS
| # include <stdlib.h>
| # include <stddef.h>
| #else
| # if HAVE_STDLIB_H
| #  include <stdlib.h>
| # endif
| #endif
| #if HAVE_STRING_H
| # if !STDC_HEADERS && HAVE_MEMORY_H
| #  include <memory.h>
| # endif
| # include <string.h>
| #endif
| #if HAVE_STRINGS_H
| # include <strings.h>
| #endif
| #if HAVE_INTTYPES_H
| # include <inttypes.h>
| #else
| # if HAVE_STDINT_H
| #  include <stdint.h>
| # endif
| #endif
| #if HAVE_UNISTD_H
| # include <unistd.h>
| #endif
| #include <minix/config.h>
configure:3006: result: no
configure:3010: checking minix/config.h presence
configure:3021: gcc -E  conftest.c
configure:3030:26: minix/config.h: No such file or directory
configure:3027: $? = 1
configure: failed program was:
| #line 3012 "configure"
| /* confdefs.h.  */
| 
| #define PACKAGE_NAME ""
| #define PACKAGE_TARNAME ""
| #define PACKAGE_VERSION ""
| #define PACKAGE_STRING ""
| #define PACKAGE_BUGREPORT ""
| #define STDC_HEADERS 1
| #define HAVE_SYS_TYPES_H 1
| #define HAVE_SYS_STAT_H 1
| #define HAVE_STDLIB_H 1
| #define HAVE_STRING_H 1
| #define HAVE_MEMORY_H 1
| #define HAVE_STRINGS_H 1
| #define HAVE_INTTYPES_H 1
| #define HAVE_STDINT_H 1
| #define HAVE_UNISTD_H 1
| /* end confdefs.h.  */
| #include <minix/config.h>
configure:3046: result: no
configure:3082: checking for minix/config.h
configure:3089: result: no
configure:3124: checking build system type
configure:3142: result: i686-pc-linux-gnu
configure:3150: checking host system type
configure:3164: result: i686-pc-linux-gnu
configure:3172: checking target system type
configure:3186: result: i686-pc-linux-gnu
configure:3201: checking for an ANSI C-conforming const
configure:3269: gcc -c -g -O2  conftest.c >&5
configure:3272: $? = 0
configure:3275: test -s conftest.o
configure:3278: $? = 0
configure:3289: result: yes
configure:3299: checking for inline
configure:3321: gcc -c -g -O2  conftest.c >&5
configure:3324: $? = 0
configure:3327: test -s conftest.o
configure:3330: $? = 0
configure:3342: result: inline
configure:3439: checking for getpwnam in -lsun
configure:3470: gcc -o conftest -g -O2   conftest.c -lsun   >&5
/usr/lib/gcc-lib/i486-suse-linux/3.3/../../../../i486-suse-linux/bin/ld: cannot find -lsun
collect2: ld returned 1 exit status
configure:3473: $? = 1
configure: failed program was:
| #line 3446 "configure"
| /* confdefs.h.  */
| 
| #define PACKAGE_NAME ""
| #define PACKAGE_TARNAME ""
| #define PACKAGE_VERSION ""
| #define PACKAGE_STRING ""
| #define PACKAGE_BUGREPORT ""
| #define STDC_HEADERS 1
| #define HAVE_SYS_TYPES_H 1
| #define HAVE_SYS_STAT_H 1
| #define HAVE_STDLIB_H 1
| #define HAVE_STRING_H 1
| #define HAVE_MEMORY_H 1
| #define HAVE_STRINGS_H 1
| #define HAVE_INTTYPES_H 1
| #define HAVE_STDINT_H 1
| #define HAVE_UNISTD_H 1
| #define USE_XDF 1
| #define USE_RAWTERM 1
| /* end confdefs.h.  */
| 
| /* Override any gcc2 internal prototype to avoid an error.  */
| #ifdef __cplusplus
| extern "C"
| #endif
| /* We use char because int might match the return type of a gcc2
|    builtin and then its argument prototype would still apply.  */
| char getpwnam ();
| int
| main ()
| {
| getpwnam ();
|   ;
|   return 0;
| }
configure:3491: result: no
configure:3503: checking for cam_open_device in -lcam
configure:3534: gcc -o conftest -g -O2   conftest.c -lcam   >&5
/usr/lib/gcc-lib/i486-suse-linux/3.3/../../../../i486-suse-linux/bin/ld: cannot find -lcam
collect2: ld returned 1 exit status
configure:3537: $? = 1
configure: failed program was:
| #line 3510 "configure"
| /* confdefs.h.  */
| 
| #define PACKAGE_NAME ""
| #define PACKAGE_TARNAME ""
| #define PACKAGE_VERSION ""
| #define PACKAGE_STRING ""
| #define PACKAGE_BUGREPORT ""
| #define STDC_HEADERS 1
| #define HAVE_SYS_TYPES_H 1
| #define HAVE_SYS_STAT_H 1
| #define HAVE_STDLIB_H 1
| #define HAVE_STRING_H 1
| #define HAVE_MEMORY_H 1
| #define HAVE_STRINGS_H 1
| #define HAVE_INTTYPES_H 1
| #define HAVE_STDINT_H 1
| #define HAVE_UNISTD_H 1
| #define USE_XDF 1
| #define USE_RAWTERM 1
| /* end confdefs.h.  */
| 
| /* Override any gcc2 internal prototype to avoid an error.  */
| #ifdef __cplusplus
| extern "C"
| #endif
| /* We use char because int might match the return type of a gcc2
|    builtin and then its argument prototype would still apply.  */
| char cam_open_device ();
| int
| main ()
| {
| cam_open_device ();
|   ;
|   return 0;
| }
configure:3555: result: no
configure:3567: checking for ANSI C header files
configure:3714: result: yes
configure:3724: checking for sys/wait.h that is POSIX.1 compatible
configure:3756: gcc -c -g -O2  conftest.c >&5
configure:3759: $? = 0
configure:3762: test -s conftest.o
configure:3765: $? = 0
configure:3776: result: yes
configure:3827: checking getopt.h usability
configure:3840: gcc -c -g -O2  conftest.c >&5
configure:3843: $? = 0
configure:3846: test -s conftest.o
configure:3849: $? = 0
configure:3859: result: yes
configure:3863: checking getopt.h presence
configure:3874: gcc -E  conftest.c
configure:3880: $? = 0
configure:3899: result: yes
configure:3935: checking for getopt.h
configure:3942: result: yes
configure:3818: checking for sys/stat.h
configure:3823: result: yes
configure:3818: checking for stdlib.h
configure:3823: result: yes
configure:3818: checking for unistd.h
configure:3823: result: yes
configure:3827: checking linux/unistd.h usability
configure:3840: gcc -c -g -O2  conftest.c >&5
configure:3843: $? = 0
configure:3846: test -s conftest.o
configure:3849: $? = 0
configure:3859: result: yes
configure:3863: checking linux/unistd.h presence
configure:3874: gcc -E  conftest.c
configure:3880: $? = 0
configure:3899: result: yes
configure:3935: checking for linux/unistd.h
configure:3942: result: yes
configure:3827: checking libc.h usability
configure:3840: gcc -c -g -O2  conftest.c >&5
configure:3890:18: libc.h: No such file or directory
configure:3843: $? = 1
configure: failed program was:
| #line 3829 "configure"
| /* confdefs.h.  */
| 
| #define PACKAGE_NAME ""
| #define PACKAGE_TARNAME ""
| #define PACKAGE_VERSION ""
| #define PACKAGE_STRING ""
| #define PACKAGE_BUGREPORT ""
| #define STDC_HEADERS 1
| #define HAVE_SYS_TYPES_H 1
| #define HAVE_SYS_STAT_H 1
| #define HAVE_STDLIB_H 1
| #define HAVE_STRING_H 1
| #define HAVE_MEMORY_H 1
| #define HAVE_STRINGS_H 1
| #define HAVE_INTTYPES_H 1
| #define HAVE_STDINT_H 1
| #define HAVE_UNISTD_H 1
| #define USE_XDF 1
| #define USE_RAWTERM 1
| #define STDC_HEADERS 1
| #define HAVE_SYS_WAIT_H 1
| #define HAVE_GETOPT_H 1
| #define HAVE_SYS_STAT_H 1
| #define HAVE_STDLIB_H 1
| #define HAVE_UNISTD_H 1
| #define HAVE_LINUX_UNISTD_H 1
| /* end confdefs.h.  */
| #include <stdio.h>
| #if HAVE_SYS_TYPES_H
| # include <sys/types.h>
| #endif
| #if HAVE_SYS_STAT_H
| # include <sys/stat.h>
| #endif
| #if STDC_HEADERS
| # include <stdlib.h>
| # include <stddef.h>
| #else
| # if HAVE_STDLIB_H
| #  include <stdlib.h>
| # endif
| #endif
| #if HAVE_STRING_H
| # if !STDC_HEADERS && HAVE_MEMORY_H
| #  include <memory.h>
| # endif
| # include <string.h>
| #endif
| #if HAVE_STRINGS_H
| # include <strings.h>
| #endif
| #if HAVE_INTTYPES_H
| # include <inttypes.h>
| #else
| # if HAVE_STDINT_H
| #  include <stdint.h>
| # endif
| #endif
| #if HAVE_UNISTD_H
| # include <unistd.h>
| #endif
| #include <libc.h>
configure:3859: result: no
configure:3863: checking libc.h presence
configure:3874: gcc -E  conftest.c
configure:3892:18: libc.h: No such file or directory
configure:3880: $? = 1
configure: failed program was:
| #line 3865 "configure"
| /* confdefs.h.  */
| 
| #define PACKAGE_NAME ""
| #define PACKAGE_TARNAME ""
| #define PACKAGE_VERSION ""
| #define PACKAGE_STRING ""
| #define PACKAGE_BUGREPORT ""
| #define STDC_HEADERS 1
| #define HAVE_SYS_TYPES_H 1
| #define HAVE_SYS_STAT_H 1
| #define HAVE_STDLIB_H 1
| #define HAVE_STRING_H 1
| #define HAVE_MEMORY_H 1
| #define HAVE_STRINGS_H 1
| #define HAVE_INTTYPES_H 1
| #define HAVE_STDINT_H 1
| #define HAVE_UNISTD_H 1
| #define USE_XDF 1
| #define USE_RAWTERM 1
| #define STDC_HEADERS 1
| #define HAVE_SYS_WAIT_H 1
| #define HAVE_GETOPT_H 1
| #define HAVE_SYS_STAT_H 1
| #define HAVE_STDLIB_H 1
| #define HAVE_UNISTD_H 1
| #define HAVE_LINUX_UNISTD_H 1
| /* end confdefs.h.  */
| #include <libc.h>
configure:3899: result: no
configure:3935: checking for libc.h
configure:3942: result: no
configure:3827: checking fcntl.h usability
configure:3840: gcc -c -g -O2  conftest.c >&5
configure:3843: $? = 0
configure:3846: test -s conftest.o
configure:3849: $? = 0
configure:3859: result: yes
configure:3863: checking fcntl.h presence
configure:3874: gcc -E  conftest.c
configure:3880: $? = 0
configure:3899: result: yes
configure:3935: checking for fcntl.h
configure:3942: result: yes
configure:3827: checking limits.h usability
configure:3840: gcc -c -g -O2  conftest.c >&5
configure:3843: $? = 0
configure:3846: test -s conftest.o
configure:3849: $? = 0
configure:3859: result: yes
configure:3863: checking limits.h presence
configure:3874: gcc -E  conftest.c
configure:3880: $? = 0
configure:3899: result: yes
configure:3935: checking for limits.h
configure:3942: result: yes
configure:3827: checking sys/file.h usability
configure:3840: gcc -c -g -O2  conftest.c >&5
configure:3843: $? = 0
configure:3846: test -s conftest.o
configure:3849: $? = 0
configure:3859: result: yes
configure:3863: checking sys/file.h presence
configure:3874: gcc -E  conftest.c
configure:3880: $? = 0
configure:3899: result: yes
configure:3935: checking for sys/file.h
configure:3942: result: yes
configure:3827: checking sys/ioctl.h usability
configure:3840: gcc -c -g -O2  conftest.c >&5
configure:3843: $? = 0
configure:3846: test -s conftest.o
configure:3849: $? = 0
configure:3859: result: yes
configure:3863: checking sys/ioctl.h presence
configure:3874: gcc -E  conftest.c
configure:3880: $? = 0
configure:3899: result: yes
configure:3935: checking for sys/ioctl.h
configure:3942: result: yes
configure:3827: checking sys/time.h usability
configure:3840: gcc -c -g -O2  conftest.c >&5
configure:3843: $? = 0
configure:3846: test -s conftest.o
configure:3849: $? = 0
configure:3859: result: yes
configure:3863: checking sys/time.h presence
configure:3874: gcc -E  conftest.c
configure:3880: $? = 0
configure:3899: result: yes
configure:3935: checking for sys/time.h
configure:3942: result: yes
configure:3818: checking for strings.h
configure:3823: result: yes
configure:3818: checking for string.h
configure:3823: result: yes
configure:3827: checking sys/param.h usability
configure:3840: gcc -c -g -O2  conftest.c >&5
configure:3843: $? = 0
configure:3846: test -s conftest.o
configure:3849: $? = 0
configure:3859: result: yes
configure:3863: checking sys/param.h presence
configure:3874: gcc -E  conftest.c
configure:3880: $? = 0
configure:3899: result: yes
configure:3935: checking for sys/param.h
configure:3942: result: yes
configure:3818: checking for memory.h
configure:3823: result: yes
configure:3827: checking malloc.h usability
configure:3840: gcc -c -g -O2  conftest.c >&5
configure:3843: $? = 0
configure:3846: test -s conftest.o
configure:3849: $? = 0
configure:3859: result: yes
configure:3863: checking malloc.h presence
configure:3874: gcc -E  conftest.c
configure:3880: $? = 0
configure:3899: result: yes
configure:3935: checking for malloc.h
configure:3942: result: yes
configure:3827: checking signal.h usability
configure:3840: gcc -c -g -O2  conftest.c >&5
configure:3843: $? = 0
configure:3846: test -s conftest.o
configure:3849: $? = 0
configure:3859: result: yes
configure:3863: checking signal.h presence
configure:3874: gcc -E  conftest.c
configure:3880: $? = 0
configure:3899: result: yes
configure:3935: checking for signal.h
configure:3942: result: yes
configure:3827: checking sys/signal.h usability
configure:3840: gcc -c -g -O2  conftest.c >&5
configure:3843: $? = 0
configure:3846: test -s conftest.o
configure:3849: $? = 0
configure:3859: result: yes
configure:3863: checking sys/signal.h presence
configure:3874: gcc -E  conftest.c
configure:3880: $? = 0
configure:3899: result: yes
configure:3935: checking for sys/signal.h
configure:3942: result: yes
configure:3827: checking utime.h usability
configure:3840: gcc -c -g -O2  conftest.c >&5
configure:3843: $? = 0
configure:3846: test -s conftest.o
configure:3849: $? = 0
configure:3859: result: yes
configure:3863: checking utime.h presence
configure:3874: gcc -E  conftest.c
configure:3880: $? = 0
configure:3899: result: yes
configure:3935: checking for utime.h
configure:3942: result: yes
configure:3827: checking sgtty.h usability
configure:3840: gcc -c -g -O2  conftest.c >&5
configure:3843: $? = 0
configure:3846: test -s conftest.o
configure:3849: $? = 0
configure:3859: result: yes
configure:3863: checking sgtty.h presence
configure:3874: gcc -E  conftest.c
configure:3880: $? = 0
configure:3899: result: yes
configure:3935: checking for sgtty.h
configure:3942: result: yes
configure:3827: checking sys/floppy.h usability
configure:3840: gcc -c -g -O2  conftest.c >&5
configure:3904:24: sys/floppy.h: No such file or directory
configure:3843: $? = 1
configure: failed program was:
| #line 3829 "configure"
| /* confdefs.h.  */
| 
| #define PACKAGE_NAME ""
| #define PACKAGE_TARNAME ""
| #define PACKAGE_VERSION ""
| #define PACKAGE_STRING ""
| #define PACKAGE_BUGREPORT ""
| #define STDC_HEADERS 1
| #define HAVE_SYS_TYPES_H 1
| #define HAVE_SYS_STAT_H 1
| #define HAVE_STDLIB_H 1
| #define HAVE_STRING_H 1
| #define HAVE_MEMORY_H 1
| #define HAVE_STRINGS_H 1
| #define HAVE_INTTYPES_H 1
| #define HAVE_STDINT_H 1
| #define HAVE_UNISTD_H 1
| #define USE_XDF 1
| #define USE_RAWTERM 1
| #define STDC_HEADERS 1
| #define HAVE_SYS_WAIT_H 1
| #define HAVE_GETOPT_H 1
| #define HAVE_SYS_STAT_H 1
| #define HAVE_STDLIB_H 1
| #define HAVE_UNISTD_H 1
| #define HAVE_LINUX_UNISTD_H 1
| #define HAVE_FCNTL_H 1
| #define HAVE_LIMITS_H 1
| #define HAVE_SYS_FILE_H 1
| #define HAVE_SYS_IOCTL_H 1
| #define HAVE_SYS_TIME_H 1
| #define HAVE_STRINGS_H 1
| #define HAVE_STRING_H 1
| #define HAVE_SYS_PARAM_H 1
| #define HAVE_MEMORY_H 1
| #define HAVE_MALLOC_H 1
| #define HAVE_SIGNAL_H 1
| #define HAVE_SYS_SIGNAL_H 1
| #define HAVE_UTIME_H 1
| #define HAVE_SGTTY_H 1
| /* end confdefs.h.  */
| #include <stdio.h>
| #if HAVE_SYS_TYPES_H
| # include <sys/types.h>
| #endif
| #if HAVE_SYS_STAT_H
| # include <sys/stat.h>
| #endif
| #if STDC_HEADERS
| # include <stdlib.h>
| # include <stddef.h>
| #else
| # if HAVE_STDLIB_H
| #  include <stdlib.h>
| # endif
| #endif
| #if HAVE_STRING_H
| # if !STDC_HEADERS && HAVE_MEMORY_H
| #  include <memory.h>
| # endif
| # include <string.h>
| #endif
| #if HAVE_STRINGS_H
| # include <strings.h>
| #endif
| #if HAVE_INTTYPES_H
| # include <inttypes.h>
| #else
| # if HAVE_STDINT_H
| #  include <stdint.h>
| # endif
| #endif
| #if HAVE_UNISTD_H
| # include <unistd.h>
| #endif
| #include <sys/floppy.h>
configure:3859: result: no
configure:3863: checking sys/floppy.h presence
configure:3874: gcc -E  conftest.c
configure:3906:24: sys/floppy.h: No such file or directory
configure:3880: $? = 1
configure: failed program was:
| #line 3865 "configure"
| /* confdefs.h.  */
| 
| #define PACKAGE_NAME ""
| #define PACKAGE_TARNAME ""
| #define PACKAGE_VERSION ""
| #define PACKAGE_STRING ""
| #define PACKAGE_BUGREPORT ""
| #define STDC_HEADERS 1
| #define HAVE_SYS_TYPES_H 1
| #define HAVE_SYS_STAT_H 1
| #define HAVE_STDLIB_H 1
| #define HAVE_STRING_H 1
| #define HAVE_MEMORY_H 1
| #define HAVE_STRINGS_H 1
| #define HAVE_INTTYPES_H 1
| #define HAVE_STDINT_H 1
| #define HAVE_UNISTD_H 1
| #define USE_XDF 1
| #define USE_RAWTERM 1
| #define STDC_HEADERS 1
| #define HAVE_SYS_WAIT_H 1
| #define HAVE_GETOPT_H 1
| #define HAVE_SYS_STAT_H 1
| #define HAVE_STDLIB_H 1
| #define HAVE_UNISTD_H 1
| #define HAVE_LINUX_UNISTD_H 1
| #define HAVE_FCNTL_H 1
| #define HAVE_LIMITS_H 1
| #define HAVE_SYS_FILE_H 1
| #define HAVE_SYS_IOCTL_H 1
| #define HAVE_SYS_TIME_H 1
| #define HAVE_STRINGS_H 1
| #define HAVE_STRING_H 1
| #define HAVE_SYS_PARAM_H 1
| #define HAVE_MEMORY_H 1
| #define HAVE_MALLOC_H 1
| #define HAVE_SIGNAL_H 1
| #define HAVE_SYS_SIGNAL_H 1
| #define HAVE_UTIME_H 1
| #define HAVE_SGTTY_H 1
| /* end confdefs.h.  */
| #include <sys/floppy.h>
configure:3899: result: no
configure:3935: checking for sys/floppy.h
configure:3942: result: no
configure:3827: checking mntent.h usability
configure:3840: gcc -c -g -O2  conftest.c >&5
configure:3843: $? = 0
configure:3846: test -s conftest.o
configure:3849: $? = 0
configure:3859: result: yes
configure:3863: checking mntent.h presence
configure:3874: gcc -E  conftest.c
configure:3880: $? = 0
configure:3899: result: yes
configure:3935: checking for mntent.h
configure:3942: result: yes
configure:3827: checking sys/sysmacros.h usability
configure:3840: gcc -c -g -O2  conftest.c >&5
configure:3843: $? = 0
configure:3846: test -s conftest.o
configure:3849: $? = 0
configure:3859: result: yes
configure:3863: checking sys/sysmacros.h presence
configure:3874: gcc -E  conftest.c
configure:3880: $? = 0
configure:3899: result: yes
configure:3935: checking for sys/sysmacros.h
configure:3942: result: yes
configure:3827: checking netinet/in.h usability
configure:3840: gcc -c -g -O2  conftest.c >&5
configure:3843: $? = 0
configure:3846: test -s conftest.o
configure:3849: $? = 0
configure:3859: result: yes
configure:3863: checking netinet/in.h presence
configure:3874: gcc -E  conftest.c
configure:3880: $? = 0
configure:3899: result: yes
configure:3935: checking for netinet/in.h
configure:3942: result: yes
configure:3827: checking assert.h usability
configure:3840: gcc -c -g -O2  conftest.c >&5
configure:3843: $? = 0
configure:3846: test -s conftest.o
configure:3849: $? = 0
configure:3859: result: yes
configure:3863: checking assert.h presence
configure:3874: gcc -E  conftest.c
configure:3880: $? = 0
configure:3899: result: yes
configure:3935: checking for assert.h
configure:3942: result: yes
configure:3970: checking termio.h usability
configure:3983: gcc -c -g -O2  conftest.c >&5
configure:3986: $? = 0
configure:3989: test -s conftest.o
configure:3992: $? = 0
configure:4002: result: yes
configure:4006: checking termio.h presence
configure:4017: gcc -E  conftest.c
configure:4023: $? = 0
configure:4042: result: yes
configure:4078: checking for termio.h
configure:4085: result: yes
configure:4113: checking termios.h usability
configure:4126: gcc -c -g -O2  conftest.c >&5
configure:4129: $? = 0
configure:4132: test -s conftest.o
configure:4135: $? = 0
configure:4145: result: yes
configure:4149: checking termios.h presence
configure:4160: gcc -E  conftest.c
configure:4166: $? = 0
configure:4185: result: yes
configure:4221: checking for termios.h
configure:4228: result: yes
configure:4243: checking whether llseek declared in unistd.h
configure:4265: gcc -c -g -O2  conftest.c >&5
configure:4268: $? = 0
configure:4271: test -s conftest.o
configure:4274: $? = 0
configure:4286: result: no
configure:4296: checking whether lseek64 declared in unistd.h
configure:4321: gcc -c -g -O2  conftest.c >&5
In file included from configure:4349:
sysincludes.h:317:1: warning: "strchr" redefined
In file included from /usr/include/string.h:375,
                 from sysincludes.h:230,
                 from configure:4349:
/usr/include/bits/string2.h:390:1: warning: this is the location of the previous definition
In file included from configure:4349:
sysincludes.h:328: error: parse error before "__extension__"
sysincludes.h:328: error: `__len' undeclared here (not in a function)
sysincludes.h:328: error: initializer element is not constant
sysincludes.h:328: error: parse error before "if"
sysincludes.h:328: error: conflicting types for `__retval'
sysincludes.h:328: error: previous declaration of `__retval'
sysincludes.h:328: warning: data definition has no type or storage class
sysincludes.h:328: error: parse error before '}' token
sysincludes.h:342: error: parse error before "__extension__"
sysincludes.h:342: error: parse error before '&&' token
sysincludes.h:351: error: parse error before "__extension__"
sysincludes.h:351: error: parse error before '&&' token
sysincludes.h:355: error: parse error before '&&' token
sysincludes.h:359: error: conflicting types for `strerror'
/usr/include/string.h:243: error: previous declaration of `strerror'
configure: In function `main':
configure:4355: error: conflicting types for `lseek64'
/usr/include/unistd.h:302: error: previous declaration of `lseek64'
configure:4355: warning: extern declaration of `lseek64' doesn't match global one
configure:4324: $? = 1
configure: failed program was:
| #line 4301 "configure"
| /* confdefs.h.  */
| 
| #define PACKAGE_NAME ""
| #define PACKAGE_TARNAME ""
| #define PACKAGE_VERSION ""
| #define PACKAGE_STRING ""
| #define PACKAGE_BUGREPORT ""
| #define STDC_HEADERS 1
| #define HAVE_SYS_TYPES_H 1
| #define HAVE_SYS_STAT_H 1
| #define HAVE_STDLIB_H 1
| #define HAVE_STRING_H 1
| #define HAVE_MEMORY_H 1
| #define HAVE_STRINGS_H 1
| #define HAVE_INTTYPES_H 1
| #define HAVE_STDINT_H 1
| #define HAVE_UNISTD_H 1
| #define USE_XDF 1
| #define USE_RAWTERM 1
| #define STDC_HEADERS 1
| #define HAVE_SYS_WAIT_H 1
| #define HAVE_GETOPT_H 1
| #define HAVE_SYS_STAT_H 1
| #define HAVE_STDLIB_H 1
| #define HAVE_UNISTD_H 1
| #define HAVE_LINUX_UNISTD_H 1
| #define HAVE_FCNTL_H 1
| #define HAVE_LIMITS_H 1
| #define HAVE_SYS_FILE_H 1
| #define HAVE_SYS_IOCTL_H 1
| #define HAVE_SYS_TIME_H 1
| #define HAVE_STRINGS_H 1
| #define HAVE_STRING_H 1
| #define HAVE_SYS_PARAM_H 1
| #define HAVE_MEMORY_H 1
| #define HAVE_MALLOC_H 1
| #define HAVE_SIGNAL_H 1
| #define HAVE_SYS_SIGNAL_H 1
| #define HAVE_UTIME_H 1
| #define HAVE_SGTTY_H 1
| #define HAVE_MNTENT_H 1
| #define HAVE_SYS_SYSMACROS_H 1
| #define HAVE_NETINET_IN_H 1
| #define HAVE_ASSERT_H 1
| #define HAVE_TERMIO_H 1
| #define HAVE_TERMIOS_H 1
| /* end confdefs.h.  */
| 
| #include "sysincludes.h"
| #include <unistd.h>
| 
| int
| main ()
| {
| extern int lseek64(int);
|   ;
|   return 0;
| }
configure:4342: result: yes
configure:4357: checking for htons
configure:4407: gcc -o conftest -g -O2   conftest.c  >&5
configure:4410: $? = 0
configure:4413: test -s conftest
configure:4416: $? = 0
configure:4427: result: yes
configure:4439: checking for an ANSI C-conforming const
configure:4527: result: yes
configure:4537: checking for inline
configure:4580: result: inline
configure:4595: checking for size_t
configure:4620: gcc -c -g -O2  conftest.c >&5
configure:4623: $? = 0
configure:4626: test -s conftest.o
configure:4629: $? = 0
configure:4640: result: yes
configure:4652: checking whether time.h and sys/time.h may both be included
configure:4678: gcc -c -g -O2  conftest.c >&5
configure:4681: $? = 0
configure:4684: test -s conftest.o
configure:4687: $? = 0
configure:4698: result: yes
configure:4708: checking whether struct tm is in sys/time.h or time.h
configure:4732: gcc -c -g -O2  conftest.c >&5
configure:4735: $? = 0
configure:4738: test -s conftest.o
configure:4741: $? = 0
configure:4752: result: time.h
configure:4764: checking return type of signal handlers
configure:4796: gcc -c -g -O2  conftest.c >&5
configure:4799: $? = 0
configure:4802: test -s conftest.o
configure:4805: $? = 0
configure:4816: result: void
configure:4863: checking for strerror
configure:4913: gcc -o conftest -g -O2   conftest.c  >&5
configure:4916: $? = 0
configure:4919: test -s conftest
configure:4922: $? = 0
configure:4933: result: yes
configure:4863: checking for random
configure:4913: gcc -o conftest -g -O2   conftest.c  >&5
configure:4916: $? = 0
configure:4919: test -s conftest
configure:4922: $? = 0
configure:4933: result: yes
configure:4863: checking for srandom
configure:4913: gcc -o conftest -g -O2   conftest.c  >&5
configure:4916: $? = 0
configure:4919: test -s conftest
configure:4922: $? = 0
configure:4933: result: yes
configure:4863: checking for strchr
configure:4913: gcc -o conftest -g -O2   conftest.c  >&5
configure:4938: warning: conflicting types for built-in function `strchr'
configure:4916: $? = 0
configure:4919: test -s conftest
configure:4922: $? = 0
configure:4933: result: yes
configure:4863: checking for strrchr
configure:4913: gcc -o conftest -g -O2   conftest.c  >&5
configure:4939: warning: conflicting types for built-in function `strrchr'
configure:4916: $? = 0
configure:4919: test -s conftest
configure:4922: $? = 0
configure:4933: result: yes
configure:4863: checking for lockf
configure:4913: gcc -o conftest -g -O2   conftest.c  >&5
configure:4916: $? = 0
configure:4919: test -s conftest
configure:4922: $? = 0
configure:4933: result: yes
configure:4863: checking for flock
configure:4913: gcc -o conftest -g -O2   conftest.c  >&5
configure:4916: $? = 0
configure:4919: test -s conftest
configure:4922: $? = 0
configure:4933: result: yes
configure:4863: checking for strcasecmp
configure:4913: gcc -o conftest -g -O2   conftest.c  >&5
configure:4916: $? = 0
configure:4919: test -s conftest
configure:4922: $? = 0
configure:4933: result: yes
configure:4863: checking for strncasecmp
configure:4913: gcc -o conftest -g -O2   conftest.c  >&5
configure:4916: $? = 0
configure:4919: test -s conftest
configure:4922: $? = 0
configure:4933: result: yes
configure:4863: checking for atexit
configure:4913: gcc -o conftest -g -O2   conftest.c  >&5
configure:4916: $? = 0
configure:4919: test -s conftest
configure:4922: $? = 0
configure:4933: result: yes
configure:4863: checking for on_exit
configure:4913: gcc -o conftest -g -O2   conftest.c  >&5
configure:4916: $? = 0
configure:4919: test -s conftest
configure:4922: $? = 0
configure:4933: result: yes
configure:4863: checking for getpass
configure:4913: gcc -o conftest -g -O2   conftest.c  >&5
configure:4916: $? = 0
configure:4919: test -s conftest
configure:4922: $? = 0
configure:4933: result: yes
configure:4863: checking for memmove
configure:4913: gcc -o conftest -g -O2   conftest.c  >&5
configure:4916: $? = 0
configure:4919: test -s conftest
configure:4922: $? = 0
configure:4933: result: yes
configure:4863: checking for strdup
configure:4913: gcc -o conftest -g -O2   conftest.c  >&5
configure:4916: $? = 0
configure:4919: test -s conftest
configure:4922: $? = 0
configure:4933: result: yes
configure:4863: checking for strcspn
configure:4913: gcc -o conftest -g -O2   conftest.c  >&5
configure:4949: warning: conflicting types for built-in function `strcspn'
configure:4916: $? = 0
configure:4919: test -s conftest
configure:4922: $? = 0
configure:4933: result: yes
configure:4863: checking for strspn
configure:4913: gcc -o conftest -g -O2   conftest.c  >&5
configure:4950: warning: conflicting types for built-in function `strspn'
configure:4916: $? = 0
configure:4919: test -s conftest
configure:4922: $? = 0
configure:4933: result: yes
configure:4863: checking for strtoul
configure:4913: gcc -o conftest -g -O2   conftest.c  >&5
configure:4916: $? = 0
configure:4919: test -s conftest
configure:4922: $? = 0
configure:4933: result: yes
configure:4863: checking for strtol
configure:4913: gcc -o conftest -g -O2   conftest.c  >&5
configure:4916: $? = 0
configure:4919: test -s conftest
configure:4922: $? = 0
configure:4933: result: yes
configure:4863: checking for memcpy
configure:4913: gcc -o conftest -g -O2   conftest.c  >&5
configure:4953: warning: conflicting types for built-in function `memcpy'
configure:4916: $? = 0
configure:4919: test -s conftest
configure:4922: $? = 0
configure:4933: result: yes
configure:4863: checking for strpbrk
configure:4913: gcc -o conftest -g -O2   conftest.c  >&5
configure:4954: warning: conflicting types for built-in function `strpbrk'
configure:4916: $? = 0
configure:4919: test -s conftest
configure:4922: $? = 0
configure:4933: result: yes
configure:4863: checking for memset
configure:4913: gcc -o conftest -g -O2   conftest.c  >&5
configure:4955: warning: conflicting types for built-in function `memset'
configure:4916: $? = 0
configure:4919: test -s conftest
configure:4922: $? = 0
configure:4933: result: yes
configure:4863: checking for seteuid
configure:4913: gcc -o conftest -g -O2   conftest.c  >&5
configure:4916: $? = 0
configure:4919: test -s conftest
configure:4922: $? = 0
configure:4933: result: yes
configure:4863: checking for setresuid
configure:4913: gcc -o conftest -g -O2   conftest.c  >&5
configure:4916: $? = 0
configure:4919: test -s conftest
configure:4922: $? = 0
configure:4933: result: yes
configure:4863: checking for tcsetattr
configure:4913: gcc -o conftest -g -O2   conftest.c  >&5
configure:4916: $? = 0
configure:4919: test -s conftest
configure:4922: $? = 0
configure:4933: result: yes
configure:4863: checking for tcflush
configure:4913: gcc -o conftest -g -O2   conftest.c  >&5
configure:4916: $? = 0
configure:4919: test -s conftest
configure:4922: $? = 0
configure:4933: result: yes
configure:4863: checking for basename
configure:4913: gcc -o conftest -g -O2   conftest.c  >&5
configure:4916: $? = 0
configure:4919: test -s conftest
configure:4922: $? = 0
configure:4933: result: yes
configure:4863: checking for fchdir
configure:4913: gcc -o conftest -g -O2   conftest.c  >&5
configure:4916: $? = 0
configure:4919: test -s conftest
configure:4922: $? = 0
configure:4933: result: yes
configure:4863: checking for media_oldaliases
configure:4913: gcc -o conftest -g -O2   conftest.c  >&5
/tmp/cce4Nhpw.o(.text+0xf): In function `main':
/home/aknaff/floppy/mtools/configure:4978: undefined reference to `media_oldaliases'
/tmp/cce4Nhpw.o(.data+0x0):/home/aknaff/floppy/mtools/configure:4977: undefined reference to `media_oldaliases'
collect2: ld returned 1 exit status
configure:4916: $? = 1
configure: failed program was:
| #line 4868 "configure"
| /* confdefs.h.  */
| 
| #define PACKAGE_NAME ""
| #define PACKAGE_TARNAME ""
| #define PACKAGE_VERSION ""
| #define PACKAGE_STRING ""
| #define PACKAGE_BUGREPORT ""
| #define STDC_HEADERS 1
| #define HAVE_SYS_TYPES_H 1
| #define HAVE_SYS_STAT_H 1
| #define HAVE_STDLIB_H 1
| #define HAVE_STRING_H 1
| #define HAVE_MEMORY_H 1
| #define HAVE_STRINGS_H 1
| #define HAVE_INTTYPES_H 1
| #define HAVE_STDINT_H 1
| #define HAVE_UNISTD_H 1
| #define USE_XDF 1
| #define USE_RAWTERM 1
| #define STDC_HEADERS 1
| #define HAVE_SYS_WAIT_H 1
| #define HAVE_GETOPT_H 1
| #define HAVE_SYS_STAT_H 1
| #define HAVE_STDLIB_H 1
| #define HAVE_UNISTD_H 1
| #define HAVE_LINUX_UNISTD_H 1
| #define HAVE_FCNTL_H 1
| #define HAVE_LIMITS_H 1
| #define HAVE_SYS_FILE_H 1
| #define HAVE_SYS_IOCTL_H 1
| #define HAVE_SYS_TIME_H 1
| #define HAVE_STRINGS_H 1
| #define HAVE_STRING_H 1
| #define HAVE_SYS_PARAM_H 1
| #define HAVE_MEMORY_H 1
| #define HAVE_MALLOC_H 1
| #define HAVE_SIGNAL_H 1
| #define HAVE_SYS_SIGNAL_H 1
| #define HAVE_UTIME_H 1
| #define HAVE_SGTTY_H 1
| #define HAVE_MNTENT_H 1
| #define HAVE_SYS_SYSMACROS_H 1
| #define HAVE_NETINET_IN_H 1
| #define HAVE_ASSERT_H 1
| #define HAVE_TERMIO_H 1
| #define HAVE_TERMIOS_H 1
| #define HAVE_LSEEK64_PROTOTYPE 1
| #define HAVE_HTONS 1
| #define TIME_WITH_SYS_TIME 1
| #define RETSIGTYPE void
| #define HAVE_STRERROR 1
| #define HAVE_RANDOM 1
| #define HAVE_SRANDOM 1
| #define HAVE_STRCHR 1
| #define HAVE_STRRCHR 1
| #define HAVE_LOCKF 1
| #define HAVE_FLOCK 1
| #define HAVE_STRCASECMP 1
| #define HAVE_STRNCASECMP 1
| #define HAVE_ATEXIT 1
| #define HAVE_ON_EXIT 1
| #define HAVE_GETPASS 1
| #define HAVE_MEMMOVE 1
| #define HAVE_STRDUP 1
| #define HAVE_STRCSPN 1
| #define HAVE_STRSPN 1
| #define HAVE_STRTOUL 1
| #define HAVE_STRTOL 1
| #define HAVE_MEMCPY 1
| #define HAVE_STRPBRK 1
| #define HAVE_MEMSET 1
| #define HAVE_SETEUID 1
| #define HAVE_SETRESUID 1
| #define HAVE_TCSETATTR 1
| #define HAVE_TCFLUSH 1
| #define HAVE_BASENAME 1
| #define HAVE_FCHDIR 1
| /* end confdefs.h.  */
| /* System header to define __stub macros and hopefully few prototypes,
|     which can conflict with char media_oldaliases (); below.
|     Prefer <limits.h> to <assert.h> if __STDC__ is defined, since
|     <limits.h> exists even on freestanding compilers.  */
| #ifdef __STDC__
| # include <limits.h>
| #else
| # include <assert.h>
| #endif
| /* Override any gcc2 internal prototype to avoid an error.  */
| #ifdef __cplusplus
| extern "C"
| {
| #endif
| /* We use char because int might match the return type of a gcc2
|    builtin and then its argument prototype would still apply.  */
| char media_oldaliases ();
| /* The GNU C library defines this for functions which it implements
|     to always fail with ENOSYS.  Some functions are actually named
|     something starting with __ and the normal name is an alias.  */
| #if defined (__stub_media_oldaliases) || defined (__stub___media_oldaliases)
| choke me
| #else
| char (*f) () = media_oldaliases;
| #endif
| #ifdef __cplusplus
| }
| #endif
| 
| int
| main ()
| {
| return f != media_oldaliases;
|   ;
|   return 0;
| }
configure:4933: result: no
configure:4863: checking for llseek
configure:4913: gcc -o conftest -g -O2   conftest.c  >&5
/tmp/ccgjP56I.o(.text+0xf): In function `main':
/home/aknaff/floppy/mtools/configure:4978: the `llseek' function may be dangerous; use `lseek64' instead.
configure:4916: $? = 0
configure:4919: test -s conftest
configure:4922: $? = 0
configure:4933: result: yes
configure:4863: checking for lseek64
configure:4913: gcc -o conftest -g -O2   conftest.c  >&5
configure:4916: $? = 0
configure:4919: test -s conftest
configure:4922: $? = 0
configure:4933: result: yes
configure:4863: checking for snprintf
configure:4913: gcc -o conftest -g -O2   conftest.c  >&5
configure:4916: $? = 0
configure:4919: test -s conftest
configure:4922: $? = 0
configure:4933: result: yes
configure:4863: checking for stat64
configure:4913: gcc -o conftest -g -O2   conftest.c  >&5
configure:4916: $? = 0
configure:4919: test -s conftest
configure:4922: $? = 0
configure:4933: result: yes
configure:4943: checking whether setpgrp takes no argument
configure:4976: gcc -o conftest -g -O2   conftest.c  >&5
configure: In function `main':
configure:5045: error: too many arguments to function `setpgrp'
configure:4979: $? = 1
configure: program exited with status 1
configure: failed program was:
| #line 4953 "configure"
| /* confdefs.h.  */
| 
| #define PACKAGE_NAME ""
| #define PACKAGE_TARNAME ""
| #define PACKAGE_VERSION ""
| #define PACKAGE_STRING ""
| #define PACKAGE_BUGREPORT ""
| #define STDC_HEADERS 1
| #define HAVE_SYS_TYPES_H 1
| #define HAVE_SYS_STAT_H 1
| #define HAVE_STDLIB_H 1
| #define HAVE_STRING_H 1
| #define HAVE_MEMORY_H 1
| #define HAVE_STRINGS_H 1
| #define HAVE_INTTYPES_H 1
| #define HAVE_STDINT_H 1
| #define HAVE_UNISTD_H 1
| #define USE_XDF 1
| #define USE_RAWTERM 1
| #define STDC_HEADERS 1
| #define HAVE_SYS_WAIT_H 1
| #define HAVE_GETOPT_H 1
| #define HAVE_SYS_STAT_H 1
| #define HAVE_STDLIB_H 1
| #define HAVE_UNISTD_H 1
| #define HAVE_LINUX_UNISTD_H 1
| #define HAVE_FCNTL_H 1
| #define HAVE_LIMITS_H 1
| #define HAVE_SYS_FILE_H 1
| #define HAVE_SYS_IOCTL_H 1
| #define HAVE_SYS_TIME_H 1
| #define HAVE_STRINGS_H 1
| #define HAVE_STRING_H 1
| #define HAVE_SYS_PARAM_H 1
| #define HAVE_MEMORY_H 1
| #define HAVE_MALLOC_H 1
| #define HAVE_SIGNAL_H 1
| #define HAVE_SYS_SIGNAL_H 1
| #define HAVE_UTIME_H 1
| #define HAVE_SGTTY_H 1
| #define HAVE_MNTENT_H 1
| #define HAVE_SYS_SYSMACROS_H 1
| #define HAVE_NETINET_IN_H 1
| #define HAVE_ASSERT_H 1
| #define HAVE_TERMIO_H 1
| #define HAVE_TERMIOS_H 1
| #define HAVE_LSEEK64_PROTOTYPE 1
| #define HAVE_HTONS 1
| #define TIME_WITH_SYS_TIME 1
| #define RETSIGTYPE void
| #define HAVE_STRERROR 1
| #define HAVE_RANDOM 1
| #define HAVE_SRANDOM 1
| #define HAVE_STRCHR 1
| #define HAVE_STRRCHR 1
| #define HAVE_LOCKF 1
| #define HAVE_FLOCK 1
| #define HAVE_STRCASECMP 1
| #define HAVE_STRNCASECMP 1
| #define HAVE_ATEXIT 1
| #define HAVE_ON_EXIT 1
| #define HAVE_GETPASS 1
| #define HAVE_MEMMOVE 1
| #define HAVE_STRDUP 1
| #define HAVE_STRCSPN 1
| #define HAVE_STRSPN 1
| #define HAVE_STRTOUL 1
| #define HAVE_STRTOL 1
| #define HAVE_MEMCPY 1
| #define HAVE_STRPBRK 1
| #define HAVE_MEMSET 1
| #define HAVE_SETEUID 1
| #define HAVE_SETRESUID 1
| #define HAVE_TCSETATTR 1
| #define HAVE_TCFLUSH 1
| #define HAVE_BASENAME 1
| #define HAVE_FCHDIR 1
| #define HAVE_LLSEEK 1
| #define HAVE_LSEEK64 1
| #define HAVE_SNPRINTF 1
| #define HAVE_STAT64 1
| /* end confdefs.h.  */
| #if HAVE_UNISTD_H
| # include <unistd.h>
| #endif
| 
| int
| main ()
| {
| /* If this system has a BSD-style setpgrp which takes arguments,
|   setpgrp(1, 1) will fail with ESRCH and return -1, in that case
|   exit successfully. */
|   exit (setpgrp (1,1) == -1 ? 0 : 1);
|   ;
|   return 0;
| }
configure:4998: result: yes
configure:5017: checking for 64-bit off_t
configure:5044: gcc -c -g -O2  conftest.c >&5
configure:5047: $? = 0
configure:5050: test -s conftest.o
configure:5053: $? = 0
configure:5064: result: no
configure:5074: checking whether gcc supports loff_t type
configure:5097: gcc -c -g -O2  conftest.c >&5
configure:5100: $? = 0
configure:5103: test -s conftest.o
configure:5106: $? = 0
configure:5119: result: yes
configure:5130: checking whether gcc supports offset_t type
configure:5153: gcc -c -g -O2  conftest.c >&5
configure: In function `main':
configure:5224: error: `offset_t' undeclared (first use in this function)
configure:5224: error: (Each undeclared identifier is reported only once
configure:5224: error: for each function it appears in.)
configure:5224: error: parse error before "a"
configure:5156: $? = 1
configure: failed program was:
| #line 5136 "configure"
| /* confdefs.h.  */
| 
| #define PACKAGE_NAME ""
| #define PACKAGE_TARNAME ""
| #define PACKAGE_VERSION ""
| #define PACKAGE_STRING ""
| #define PACKAGE_BUGREPORT ""
| #define STDC_HEADERS 1
| #define HAVE_SYS_TYPES_H 1
| #define HAVE_SYS_STAT_H 1
| #define HAVE_STDLIB_H 1
| #define HAVE_STRING_H 1
| #define HAVE_MEMORY_H 1
| #define HAVE_STRINGS_H 1
| #define HAVE_INTTYPES_H 1
| #define HAVE_STDINT_H 1
| #define HAVE_UNISTD_H 1
| #define USE_XDF 1
| #define USE_RAWTERM 1
| #define STDC_HEADERS 1
| #define HAVE_SYS_WAIT_H 1
| #define HAVE_GETOPT_H 1
| #define HAVE_SYS_STAT_H 1
| #define HAVE_STDLIB_H 1
| #define HAVE_UNISTD_H 1
| #define HAVE_LINUX_UNISTD_H 1
| #define HAVE_FCNTL_H 1
| #define HAVE_LIMITS_H 1
| #define HAVE_SYS_FILE_H 1
| #define HAVE_SYS_IOCTL_H 1
| #define HAVE_SYS_TIME_H 1
| #define HAVE_STRINGS_H 1
| #define HAVE_STRING_H 1
| #define HAVE_SYS_PARAM_H 1
| #define HAVE_MEMORY_H 1
| #define HAVE_MALLOC_H 1
| #define HAVE_SIGNAL_H 1
| #define HAVE_SYS_SIGNAL_H 1
| #define HAVE_UTIME_H 1
| #define HAVE_SGTTY_H 1
| #define HAVE_MNTENT_H 1
| #define HAVE_SYS_SYSMACROS_H 1
| #define HAVE_NETINET_IN_H 1
| #define HAVE_ASSERT_H 1
| #define HAVE_TERMIO_H 1
| #define HAVE_TERMIOS_H 1
| #define HAVE_LSEEK64_PROTOTYPE 1
| #define HAVE_HTONS 1
| #define TIME_WITH_SYS_TIME 1
| #define RETSIGTYPE void
| #define HAVE_STRERROR 1
| #define HAVE_RANDOM 1
| #define HAVE_SRANDOM 1
| #define HAVE_STRCHR 1
| #define HAVE_STRRCHR 1
| #define HAVE_LOCKF 1
| #define HAVE_FLOCK 1
| #define HAVE_STRCASECMP 1
| #define HAVE_STRNCASECMP 1
| #define HAVE_ATEXIT 1
| #define HAVE_ON_EXIT 1
| #define HAVE_GETPASS 1
| #define HAVE_MEMMOVE 1
| #define HAVE_STRDUP 1
| #define HAVE_STRCSPN 1
| #define HAVE_STRSPN 1
| #define HAVE_STRTOUL 1
| #define HAVE_STRTOL 1
| #define HAVE_MEMCPY 1
| #define HAVE_STRPBRK 1
| #define HAVE_MEMSET 1
| #define HAVE_SETEUID 1
| #define HAVE_SETRESUID 1
| #define HAVE_TCSETATTR 1
| #define HAVE_TCFLUSH 1
| #define HAVE_BASENAME 1
| #define HAVE_FCHDIR 1
| #define HAVE_LLSEEK 1
| #define HAVE_LSEEK64 1
| #define HAVE_SNPRINTF 1
| #define HAVE_STAT64 1
| #define SETPGRP_VOID 1
| #define HAVE_LOFF_T 1
| /* end confdefs.h.  */
| #include <sys/types.h>
| int
| main ()
| {
| offset_t a;
|   ;
|   return 0;
| }
configure:5175: result: no
configure:5186: checking whether gcc supports long long type
configure:5209: gcc -c -g -O2  conftest.c >&5
configure:5212: $? = 0
configure:5215: test -s conftest.o
configure:5218: $? = 0
configure:5231: result: yes
configure:5248: checking for utimes
configure:5298: gcc -o conftest -g -O2   conftest.c  >&5
configure:5301: $? = 0
configure:5304: test -s conftest
configure:5307: $? = 0
configure:5318: result: yes
configure:5333: checking for tzset
configure:5383: gcc -o conftest -g -O2   conftest.c  >&5
configure:5386: $? = 0
configure:5389: test -s conftest
configure:5392: $? = 0
configure:5403: result: yes
configure:5333: checking for gettimeofday
configure:5383: gcc -o conftest -g -O2   conftest.c  >&5
configure:5386: $? = 0
configure:5389: test -s conftest
configure:5392: $? = 0
configure:5403: result: yes
configure:5415: checking declaration of sys_errlist
configure:5441: gcc -c -g -O2  conftest.c >&5
configure:5444: $? = 0
configure:5447: test -s conftest.o
configure:5450: $? = 0
configure:5462: result: yes
configure:5559: checking for X
configure:5665: gcc -E  conftest.c
configure:5745:27: X11/Intrinsic.h: No such file or directory
configure:5671: $? = 1
configure: failed program was:
| #line 5656 "configure"
| /* confdefs.h.  */
| 
| #define PACKAGE_NAME ""
| #define PACKAGE_TARNAME ""
| #define PACKAGE_VERSION ""
| #define PACKAGE_STRING ""
| #define PACKAGE_BUGREPORT ""
| #define STDC_HEADERS 1
| #define HAVE_SYS_TYPES_H 1
| #define HAVE_SYS_STAT_H 1
| #define HAVE_STDLIB_H 1
| #define HAVE_STRING_H 1
| #define HAVE_MEMORY_H 1
| #define HAVE_STRINGS_H 1
| #define HAVE_INTTYPES_H 1
| #define HAVE_STDINT_H 1
| #define HAVE_UNISTD_H 1
| #define USE_XDF 1
| #define USE_RAWTERM 1
| #define STDC_HEADERS 1
| #define HAVE_SYS_WAIT_H 1
| #define HAVE_GETOPT_H 1
| #define HAVE_SYS_STAT_H 1
| #define HAVE_STDLIB_H 1
| #define HAVE_UNISTD_H 1
| #define HAVE_LINUX_UNISTD_H 1
| #define HAVE_FCNTL_H 1
| #define HAVE_LIMITS_H 1
| #define HAVE_SYS_FILE_H 1
| #define HAVE_SYS_IOCTL_H 1
| #define HAVE_SYS_TIME_H 1
| #define HAVE_STRINGS_H 1
| #define HAVE_STRING_H 1
| #define HAVE_SYS_PARAM_H 1
| #define HAVE_MEMORY_H 1
| #define HAVE_MALLOC_H 1
| #define HAVE_SIGNAL_H 1
| #define HAVE_SYS_SIGNAL_H 1
| #define HAVE_UTIME_H 1
| #define HAVE_SGTTY_H 1
| #define HAVE_MNTENT_H 1
| #define HAVE_SYS_SYSMACROS_H 1
| #define HAVE_NETINET_IN_H 1
| #define HAVE_ASSERT_H 1
| #define HAVE_TERMIO_H 1
| #define HAVE_TERMIOS_H 1
| #define HAVE_LSEEK64_PROTOTYPE 1
| #define HAVE_HTONS 1
| #define TIME_WITH_SYS_TIME 1
| #define RETSIGTYPE void
| #define HAVE_STRERROR 1
| #define HAVE_RANDOM 1
| #define HAVE_SRANDOM 1
| #define HAVE_STRCHR 1
| #define HAVE_STRRCHR 1
| #define HAVE_LOCKF 1
| #define HAVE_FLOCK 1
| #define HAVE_STRCASECMP 1
| #define HAVE_STRNCASECMP 1
| #define HAVE_ATEXIT 1
| #define HAVE_ON_EXIT 1
| #define HAVE_GETPASS 1
| #define HAVE_MEMMOVE 1
| #define HAVE_STRDUP 1
| #define HAVE_STRCSPN 1
| #define HAVE_STRSPN 1
| #define HAVE_STRTOUL 1
| #define HAVE_STRTOL 1
| #define HAVE_MEMCPY 1
| #define HAVE_STRPBRK 1
| #define HAVE_MEMSET 1
| #define HAVE_SETEUID 1
| #define HAVE_SETRESUID 1
| #define HAVE_TCSETATTR 1
| #define HAVE_TCFLUSH 1
| #define HAVE_BASENAME 1
| #define HAVE_FCHDIR 1
| #define HAVE_LLSEEK 1
| #define HAVE_LSEEK64 1
| #define HAVE_SNPRINTF 1
| #define HAVE_STAT64 1
| #define SETPGRP_VOID 1
| #define HAVE_LOFF_T 1
| #define HAVE_LONG_LONG 1
| #define HAVE_UTIMES 1
| #define HAVE_TZSET 1
| #define HAVE_GETTIMEOFDAY 1
| #define DECL_SYS_ERRLIST 1
| /* end confdefs.h.  */
| #include <X11/Intrinsic.h>
configure:5721: gcc -o conftest -g -O2 -Wall   conftest.c -lXt  >&5
configure:5793:27: X11/Intrinsic.h: No such file or directory
configure: In function `main':
configure:5797: warning: implicit declaration of function `XtMalloc'
configure:5724: $? = 1
configure: failed program was:
| #line 5704 "configure"
| /* confdefs.h.  */
| 
| #define PACKAGE_NAME ""
| #define PACKAGE_TARNAME ""
| #define PACKAGE_VERSION ""
| #define PACKAGE_STRING ""
| #define PACKAGE_BUGREPORT ""
| #define STDC_HEADERS 1
| #define HAVE_SYS_TYPES_H 1
| #define HAVE_SYS_STAT_H 1
| #define HAVE_STDLIB_H 1
| #define HAVE_STRING_H 1
| #define HAVE_MEMORY_H 1
| #define HAVE_STRINGS_H 1
| #define HAVE_INTTYPES_H 1
| #define HAVE_STDINT_H 1
| #define HAVE_UNISTD_H 1
| #define USE_XDF 1
| #define USE_RAWTERM 1
| #define STDC_HEADERS 1
| #define HAVE_SYS_WAIT_H 1
| #define HAVE_GETOPT_H 1
| #define HAVE_SYS_STAT_H 1
| #define HAVE_STDLIB_H 1
| #define HAVE_UNISTD_H 1
| #define HAVE_LINUX_UNISTD_H 1
| #define HAVE_FCNTL_H 1
| #define HAVE_LIMITS_H 1
| #define HAVE_SYS_FILE_H 1
| #define HAVE_SYS_IOCTL_H 1
| #define HAVE_SYS_TIME_H 1
| #define HAVE_STRINGS_H 1
| #define HAVE_STRING_H 1
| #define HAVE_SYS_PARAM_H 1
| #define HAVE_MEMORY_H 1
| #define HAVE_MALLOC_H 1
| #define HAVE_SIGNAL_H 1
| #define HAVE_SYS_SIGNAL_H 1
| #define HAVE_UTIME_H 1
| #define HAVE_SGTTY_H 1
| #define HAVE_MNTENT_H 1
| #define HAVE_SYS_SYSMACROS_H 1
| #define HAVE_NETINET_IN_H 1
| #define HAVE_ASSERT_H 1
| #define HAVE_TERMIO_H 1
| #define HAVE_TERMIOS_H 1
| #define HAVE_LSEEK64_PROTOTYPE 1
| #define HAVE_HTONS 1
| #define TIME_WITH_SYS_TIME 1
| #define RETSIGTYPE void
| #define HAVE_STRERROR 1
| #define HAVE_RANDOM 1
| #define HAVE_SRANDOM 1
| #define HAVE_STRCHR 1
| #define HAVE_STRRCHR 1
| #define HAVE_LOCKF 1
| #define HAVE_FLOCK 1
| #define HAVE_STRCASECMP 1
| #define HAVE_STRNCASECMP 1
| #define HAVE_ATEXIT 1
| #define HAVE_ON_EXIT 1
| #define HAVE_GETPASS 1
| #define HAVE_MEMMOVE 1
| #define HAVE_STRDUP 1
| #define HAVE_STRCSPN 1
| #define HAVE_STRSPN 1
| #define HAVE_STRTOUL 1
| #define HAVE_STRTOL 1
| #define HAVE_MEMCPY 1
| #define HAVE_STRPBRK 1
| #define HAVE_MEMSET 1
| #define HAVE_SETEUID 1
| #define HAVE_SETRESUID 1
| #define HAVE_TCSETATTR 1
| #define HAVE_TCFLUSH 1
| #define HAVE_BASENAME 1
| #define HAVE_FCHDIR 1
| #define HAVE_LLSEEK 1
| #define HAVE_LSEEK64 1
| #define HAVE_SNPRINTF 1
| #define HAVE_STAT64 1
| #define SETPGRP_VOID 1
| #define HAVE_LOFF_T 1
| #define HAVE_LONG_LONG 1
| #define HAVE_UTIMES 1
| #define HAVE_TZSET 1
| #define HAVE_GETTIMEOFDAY 1
| #define DECL_SYS_ERRLIST 1
| /* end confdefs.h.  */
| #include <X11/Intrinsic.h>
| int
| main ()
| {
| XtMalloc (0)
|   ;
|   return 0;
| }
configure:5769: result: no
configure:6765: checking for main in -lsocket
configure:6790: gcc -o conftest -g -O2 -Wall   conftest.c -lsocket   >&5
/usr/lib/gcc-lib/i486-suse-linux/3.3/../../../../i486-suse-linux/bin/ld: cannot find -lsocket
collect2: ld returned 1 exit status
configure:6793: $? = 1
configure: failed program was:
| #line 6772 "configure"
| /* confdefs.h.  */
| 
| #define PACKAGE_NAME ""
| #define PACKAGE_TARNAME ""
| #define PACKAGE_VERSION ""
| #define PACKAGE_STRING ""
| #define PACKAGE_BUGREPORT ""
| #define STDC_HEADERS 1
| #define HAVE_SYS_TYPES_H 1
| #define HAVE_SYS_STAT_H 1
| #define HAVE_STDLIB_H 1
| #define HAVE_STRING_H 1
| #define HAVE_MEMORY_H 1
| #define HAVE_STRINGS_H 1
| #define HAVE_INTTYPES_H 1
| #define HAVE_STDINT_H 1
| #define HAVE_UNISTD_H 1
| #define USE_XDF 1
| #define USE_RAWTERM 1
| #define STDC_HEADERS 1
| #define HAVE_SYS_WAIT_H 1
| #define HAVE_GETOPT_H 1
| #define HAVE_SYS_STAT_H 1
| #define HAVE_STDLIB_H 1
| #define HAVE_UNISTD_H 1
| #define HAVE_LINUX_UNISTD_H 1
| #define HAVE_FCNTL_H 1
| #define HAVE_LIMITS_H 1
| #define HAVE_SYS_FILE_H 1
| #define HAVE_SYS_IOCTL_H 1
| #define HAVE_SYS_TIME_H 1
| #define HAVE_STRINGS_H 1
| #define HAVE_STRING_H 1
| #define HAVE_SYS_PARAM_H 1
| #define HAVE_MEMORY_H 1
| #define HAVE_MALLOC_H 1
| #define HAVE_SIGNAL_H 1
| #define HAVE_SYS_SIGNAL_H 1
| #define HAVE_UTIME_H 1
| #define HAVE_SGTTY_H 1
| #define HAVE_MNTENT_H 1
| #define HAVE_SYS_SYSMACROS_H 1
| #define HAVE_NETINET_IN_H 1
| #define HAVE_ASSERT_H 1
| #define HAVE_TERMIO_H 1
| #define HAVE_TERMIOS_H 1
| #define HAVE_LSEEK64_PROTOTYPE 1
| #define HAVE_HTONS 1
| #define TIME_WITH_SYS_TIME 1
| #define RETSIGTYPE void
| #define HAVE_STRERROR 1
| #define HAVE_RANDOM 1
| #define HAVE_SRANDOM 1
| #define HAVE_STRCHR 1
| #define HAVE_STRRCHR 1
| #define HAVE_LOCKF 1
| #define HAVE_FLOCK 1
| #define HAVE_STRCASECMP 1
| #define HAVE_STRNCASECMP 1
| #define HAVE_ATEXIT 1
| #define HAVE_ON_EXIT 1
| #define HAVE_GETPASS 1
| #define HAVE_MEMMOVE 1
| #define HAVE_STRDUP 1
| #define HAVE_STRCSPN 1
| #define HAVE_STRSPN 1
| #define HAVE_STRTOUL 1
| #define HAVE_STRTOL 1
| #define HAVE_MEMCPY 1
| #define HAVE_STRPBRK 1
| #define HAVE_MEMSET 1
| #define HAVE_SETEUID 1
| #define HAVE_SETRESUID 1
| #define HAVE_TCSETATTR 1
| #define HAVE_TCFLUSH 1
| #define HAVE_BASENAME 1
| #define HAVE_FCHDIR 1
| #define HAVE_LLSEEK 1
| #define HAVE_LSEEK64 1
| #define HAVE_SNPRINTF 1
| #define HAVE_STAT64 1
| #define SETPGRP_VOID 1
| #define HAVE_LOFF_T 1
| #define HAVE_LONG_LONG 1
| #define HAVE_UTIMES 1
| #define HAVE_TZSET 1
| #define HAVE_GETTIMEOFDAY 1
| #define DECL_SYS_ERRLIST 1
| #define X_DISPLAY_MISSING 1
| /* end confdefs.h.  */
| 
| 
| int
| main ()
| {
| main ();
|   ;
|   return 0;
| }
configure:6811: result: no
configure:6823: checking for main in -lnsl
configure:6848: gcc -o conftest -g -O2 -Wall   conftest.c -lnsl   >&5
configure:6851: $? = 0
configure:6854: test -s conftest
configure:6857: $? = 0
configure:6869: result: yes
configure:6881: checking for main in -lbsd
configure:6906: gcc -o conftest -g -O2 -Wall   conftest.c -lbsd  -lnsl  >&5
/usr/lib/gcc-lib/i486-suse-linux/3.3/../../../../i486-suse-linux/bin/ld: cannot find -lbsd
collect2: ld returned 1 exit status
configure:6909: $? = 1
configure: failed program was:
| #line 6888 "configure"
| /* confdefs.h.  */
| 
| #define PACKAGE_NAME ""
| #define PACKAGE_TARNAME ""
| #define PACKAGE_VERSION ""
| #define PACKAGE_STRING ""
| #define PACKAGE_BUGREPORT ""
| #define STDC_HEADERS 1
| #define HAVE_SYS_TYPES_H 1
| #define HAVE_SYS_STAT_H 1
| #define HAVE_STDLIB_H 1
| #define HAVE_STRING_H 1
| #define HAVE_MEMORY_H 1
| #define HAVE_STRINGS_H 1
| #define HAVE_INTTYPES_H 1
| #define HAVE_STDINT_H 1
| #define HAVE_UNISTD_H 1
| #define USE_XDF 1
| #define USE_RAWTERM 1
| #define STDC_HEADERS 1
| #define HAVE_SYS_WAIT_H 1
| #define HAVE_GETOPT_H 1
| #define HAVE_SYS_STAT_H 1
| #define HAVE_STDLIB_H 1
| #define HAVE_UNISTD_H 1
| #define HAVE_LINUX_UNISTD_H 1
| #define HAVE_FCNTL_H 1
| #define HAVE_LIMITS_H 1
| #define HAVE_SYS_FILE_H 1
| #define HAVE_SYS_IOCTL_H 1
| #define HAVE_SYS_TIME_H 1
| #define HAVE_STRINGS_H 1
| #define HAVE_STRING_H 1
| #define HAVE_SYS_PARAM_H 1
| #define HAVE_MEMORY_H 1
| #define HAVE_MALLOC_H 1
| #define HAVE_SIGNAL_H 1
| #define HAVE_SYS_SIGNAL_H 1
| #define HAVE_UTIME_H 1
| #define HAVE_SGTTY_H 1
| #define HAVE_MNTENT_H 1
| #define HAVE_SYS_SYSMACROS_H 1
| #define HAVE_NETINET_IN_H 1
| #define HAVE_ASSERT_H 1
| #define HAVE_TERMIO_H 1
| #define HAVE_TERMIOS_H 1
| #define HAVE_LSEEK64_PROTOTYPE 1
| #define HAVE_HTONS 1
| #define TIME_WITH_SYS_TIME 1
| #define RETSIGTYPE void
| #define HAVE_STRERROR 1
| #define HAVE_RANDOM 1
| #define HAVE_SRANDOM 1
| #define HAVE_STRCHR 1
| #define HAVE_STRRCHR 1
| #define HAVE_LOCKF 1
| #define HAVE_FLOCK 1
| #define HAVE_STRCASECMP 1
| #define HAVE_STRNCASECMP 1
| #define HAVE_ATEXIT 1
| #define HAVE_ON_EXIT 1
| #define HAVE_GETPASS 1
| #define HAVE_MEMMOVE 1
| #define HAVE_STRDUP 1
| #define HAVE_STRCSPN 1
| #define HAVE_STRSPN 1
| #define HAVE_STRTOUL 1
| #define HAVE_STRTOL 1
| #define HAVE_MEMCPY 1
| #define HAVE_STRPBRK 1
| #define HAVE_MEMSET 1
| #define HAVE_SETEUID 1
| #define HAVE_SETRESUID 1
| #define HAVE_TCSETATTR 1
| #define HAVE_TCFLUSH 1
| #define HAVE_BASENAME 1
| #define HAVE_FCHDIR 1
| #define HAVE_LLSEEK 1
| #define HAVE_LSEEK64 1
| #define HAVE_SNPRINTF 1
| #define HAVE_STAT64 1
| #define SETPGRP_VOID 1
| #define HAVE_LOFF_T 1
| #define HAVE_LONG_LONG 1
| #define HAVE_UTIMES 1
| #define HAVE_TZSET 1
| #define HAVE_GETTIMEOFDAY 1
| #define DECL_SYS_ERRLIST 1
| #define X_DISPLAY_MISSING 1
| #define HAVE_LIBNSL 1
| /* end confdefs.h.  */
| 
| 
| int
| main ()
| {
| main ();
|   ;
|   return 0;
| }
configure:6927: result: no
configure:6954: checking sys/socket.h usability
configure:6967: gcc -c -g -O2 -Wall  conftest.c >&5
configure:6970: $? = 0
configure:6973: test -s conftest.o
configure:6976: $? = 0
configure:6986: result: yes
configure:6990: checking sys/socket.h presence
configure:7001: gcc -E  conftest.c
configure:7007: $? = 0
configure:7026: result: yes
configure:7062: checking for sys/socket.h
configure:7069: result: yes
configure:6954: checking arpa/inet.h usability
configure:6967: gcc -c -g -O2 -Wall  conftest.c >&5
configure:6970: $? = 0
configure:6973: test -s conftest.o
configure:6976: $? = 0
configure:6986: result: yes
configure:6990: checking arpa/inet.h presence
configure:7001: gcc -E  conftest.c
configure:7007: $? = 0
configure:7026: result: yes
configure:7062: checking for arpa/inet.h
configure:7069: result: yes
configure:6954: checking netdb.h usability
configure:6967: gcc -c -g -O2 -Wall  conftest.c >&5
configure:6970: $? = 0
configure:6973: test -s conftest.o
configure:6976: $? = 0
configure:6986: result: yes
configure:6990: checking netdb.h presence
configure:7001: gcc -E  conftest.c
configure:7007: $? = 0
configure:7026: result: yes
configure:7062: checking for netdb.h
configure:7069: result: yes
configure:7210: creating ./config.status

## ---------------------- ##
## Running config.status. ##
## ---------------------- ##

This file was extended by config.status, which was
generated by GNU Autoconf 2.57.  Invocation command line was

  CONFIG_FILES    = 
  CONFIG_HEADERS  = 
  CONFIG_LINKS    = 
  CONFIG_COMMANDS = 
  $ ./config.status 

on hitchhiker

config.status:640: creating Makefile
config.status:744: creating config.h

## ---------------- ##
## Cache variables. ##
## ---------------- ##

ac_cv_build=i686-pc-linux-gnu
ac_cv_build_alias=i686-pc-linux-gnu
ac_cv_c_compiler_gnu=yes
ac_cv_c_const=yes
ac_cv_c_inline=inline
ac_cv_env_CC_set=
ac_cv_env_CC_value=
ac_cv_env_CFLAGS_set=
ac_cv_env_CFLAGS_value=
ac_cv_env_CPPFLAGS_set=
ac_cv_env_CPPFLAGS_value=
ac_cv_env_CPP_set=
ac_cv_env_CPP_value=
ac_cv_env_LDFLAGS_set=
ac_cv_env_LDFLAGS_value=
ac_cv_env_build_alias_set=
ac_cv_env_build_alias_value=
ac_cv_env_host_alias_set=
ac_cv_env_host_alias_value=
ac_cv_env_target_alias_set=
ac_cv_env_target_alias_value=
ac_cv_exeext=
ac_cv_func_atexit=yes
ac_cv_func_basename=yes
ac_cv_func_fchdir=yes
ac_cv_func_flock=yes
ac_cv_func_getpass=yes
ac_cv_func_gettimeofday=yes
ac_cv_func_htons=yes
ac_cv_func_llseek=yes
ac_cv_func_lockf=yes
ac_cv_func_lseek64=yes
ac_cv_func_media_oldaliases=no
ac_cv_func_memcpy=yes
ac_cv_func_memmove=yes
ac_cv_func_memset=yes
ac_cv_func_on_exit=yes
ac_cv_func_random=yes
ac_cv_func_seteuid=yes
ac_cv_func_setpgrp_void=yes
ac_cv_func_setresuid=yes
ac_cv_func_snprintf=yes
ac_cv_func_srandom=yes
ac_cv_func_stat64=yes
ac_cv_func_strcasecmp=yes
ac_cv_func_strchr=yes
ac_cv_func_strcspn=yes
ac_cv_func_strdup=yes
ac_cv_func_strerror=yes
ac_cv_func_strncasecmp=yes
ac_cv_func_strpbrk=yes
ac_cv_func_strrchr=yes
ac_cv_func_strspn=yes
ac_cv_func_strtol=yes
ac_cv_func_strtoul=yes
ac_cv_func_tcflush=yes
ac_cv_func_tcsetattr=yes
ac_cv_func_tzset=yes
ac_cv_func_utimes=yes
ac_cv_have_x=have_x=no
ac_cv_header_arpa_inet_h=yes
ac_cv_header_assert_h=yes
ac_cv_header_fcntl_h=yes
ac_cv_header_getopt_h=yes
ac_cv_header_inttypes_h=yes
ac_cv_header_libc_h=no
ac_cv_header_limits_h=yes
ac_cv_header_linux_unistd_h=yes
ac_cv_header_malloc_h=yes
ac_cv_header_memory_h=yes
ac_cv_header_minix_config_h=no
ac_cv_header_mntent_h=yes
ac_cv_header_netdb_h=yes
ac_cv_header_netinet_in_h=yes
ac_cv_header_sgtty_h=yes
ac_cv_header_signal_h=yes
ac_cv_header_stdc=yes
ac_cv_header_stdint_h=yes
ac_cv_header_stdlib_h=yes
ac_cv_header_string_h=yes
ac_cv_header_strings_h=yes
ac_cv_header_sys_file_h=yes
ac_cv_header_sys_floppy_h=no
ac_cv_header_sys_ioctl_h=yes
ac_cv_header_sys_param_h=yes
ac_cv_header_sys_signal_h=yes
ac_cv_header_sys_socket_h=yes
ac_cv_header_sys_stat_h=yes
ac_cv_header_sys_sysmacros_h=yes
ac_cv_header_sys_time_h=yes
ac_cv_header_sys_types_h=yes
ac_cv_header_sys_wait_h=yes
ac_cv_header_termio_h=yes
ac_cv_header_termios_h=yes
ac_cv_header_time=yes
ac_cv_header_unistd_h=yes
ac_cv_header_utime_h=yes
ac_cv_host=i686-pc-linux-gnu
ac_cv_host_alias=i686-pc-linux-gnu
ac_cv_lib_bsd_main=no
ac_cv_lib_cam_cam_open_device=no
ac_cv_lib_nsl_main=yes
ac_cv_lib_socket_main=no
ac_cv_lib_sun_getpwnam=no
ac_cv_objext=o
ac_cv_path_INSTALL_INFO=/sbin/install-info
ac_cv_path_install='/usr/bin/install -c'
ac_cv_prog_CPP='gcc -E'
ac_cv_prog_ac_ct_CC=gcc
ac_cv_prog_cc_g=yes
ac_cv_prog_cc_stdc=
ac_cv_prog_egrep='grep -E'
ac_cv_prog_gcc_traditional=no
ac_cv_search_strerror='none required'
ac_cv_struct_tm=time.h
ac_cv_target=i686-pc-linux-gnu
ac_cv_target_alias=i686-pc-linux-gnu
ac_cv_type_signal=void
ac_cv_type_size_t=yes
cf_cv_dcl_sys_errlist=yes
ice_cv_have_loff_t=yes
ice_cv_have_long_long=yes
ice_cv_have_offset_t=no
mtools_cv_have_llseek_prototype=no
mtools_cv_have_lseek64_prototype=yes
sfs_cv_off_t_64=no

## ----------------- ##
## Output variables. ##
## ----------------- ##

BINFLOPPYD=''
CC='gcc'
CFLAGS='-g -O2 -Wall'
CPP='gcc -E'
CPPFLAGS=''
DEFS='-DHAVE_CONFIG_H'
ECHO_C=''
ECHO_N='-n'
ECHO_T=''
EGREP='grep -E'
EXEEXT=''
FLOPPYD=''
HOST_ID='-DCPU_i686 -DVENDOR_pc -DOS_linux_gnu'
INSTALL_DATA='${INSTALL} -m 644'
INSTALL_INFO='/sbin/install-info'
INSTALL_PROGRAM='${INSTALL}'
INSTALL_SCRIPT='${INSTALL}'
LDFLAGS=''
LIBOBJS=''
LIBS='-lnsl '
LN_S='ln -s'
LTLIBOBJS=''
MACHDEPLIBS=''
OBJEXT='o'
PACKAGE_BUGREPORT=''
PACKAGE_NAME=''
PACKAGE_STRING=''
PACKAGE_TARNAME=''
PACKAGE_VERSION=''
PATH_SEPARATOR=':'
SHELL='/bin/sh'
SHLIB=''
X_CFLAGS=''
X_EXTRA_LIBS=''
X_LIBS=''
X_PRE_LIBS=''
ac_ct_CC='gcc'
bindir='${exec_prefix}/bin'
build='i686-pc-linux-gnu'
build_alias=''
build_cpu='i686'
build_os='linux-gnu'
build_vendor='pc'
datadir='${prefix}/share'
exec_prefix='${prefix}'
extraincludedir=''
extralibdir=''
host='i686-pc-linux-gnu'
host_alias=''
host_cpu='i686'
host_os='linux-gnu'
host_vendor='pc'
includedir='${prefix}/include'
infodir='${prefix}/info'
libdir='${exec_prefix}/lib'
libexecdir='${exec_prefix}/libexec'
localstatedir='${prefix}/var'
mandir='${prefix}/man'
oldincludedir='/usr/include'
prefix='/usr/local'
program_transform_name='s,x,x,'
sbindir='${exec_prefix}/sbin'
sharedstatedir='${prefix}/com'
sysconfdir='${prefix}/etc'
target='i686-pc-linux-gnu'
target_alias=''
target_cpu='i686'
target_os='linux-gnu'
target_vendor='pc'

## ----------- ##
## confdefs.h. ##
## ----------- ##

#define DECL_SYS_ERRLIST 1
#define HAVE_ARPA_INET_H 1
#define HAVE_ASSERT_H 1
#define HAVE_ATEXIT 1
#define HAVE_BASENAME 1
#define HAVE_FCHDIR 1
#define HAVE_FCNTL_H 1
#define HAVE_FLOCK 1
#define HAVE_GETOPT_H 1
#define HAVE_GETPASS 1
#define HAVE_GETTIMEOFDAY 1
#define HAVE_HTONS 1
#define HAVE_INTTYPES_H 1
#define HAVE_LIBNSL 1
#define HAVE_LIMITS_H 1
#define HAVE_LINUX_UNISTD_H 1
#define HAVE_LLSEEK 1
#define HAVE_LOCKF 1
#define HAVE_LOFF_T 1
#define HAVE_LONG_LONG 1
#define HAVE_LSEEK64 1
#define HAVE_LSEEK64_PROTOTYPE 1
#define HAVE_MALLOC_H 1
#define HAVE_MEMCPY 1
#define HAVE_MEMMOVE 1
#define HAVE_MEMORY_H 1
#define HAVE_MEMORY_H 1
#define HAVE_MEMSET 1
#define HAVE_MNTENT_H 1
#define HAVE_NETDB_H 1
#define HAVE_NETINET_IN_H 1
#define HAVE_ON_EXIT 1
#define HAVE_RANDOM 1
#define HAVE_SETEUID 1
#define HAVE_SETRESUID 1
#define HAVE_SGTTY_H 1
#define HAVE_SIGNAL_H 1
#define HAVE_SNPRINTF 1
#define HAVE_SRANDOM 1
#define HAVE_STAT64 1
#define HAVE_STDINT_H 1
#define HAVE_STDLIB_H 1
#define HAVE_STDLIB_H 1
#define HAVE_STRCASECMP 1
#define HAVE_STRCHR 1
#define HAVE_STRCSPN 1
#define HAVE_STRDUP 1
#define HAVE_STRERROR 1
#define HAVE_STRINGS_H 1
#define HAVE_STRINGS_H 1
#define HAVE_STRING_H 1
#define HAVE_STRING_H 1
#define HAVE_STRNCASECMP 1
#define HAVE_STRPBRK 1
#define HAVE_STRRCHR 1
#define HAVE_STRSPN 1
#define HAVE_STRTOL 1
#define HAVE_STRTOUL 1
#define HAVE_SYS_FILE_H 1
#define HAVE_SYS_IOCTL_H 1
#define HAVE_SYS_PARAM_H 1
#define HAVE_SYS_SIGNAL_H 1
#define HAVE_SYS_SOCKET_H 1
#define HAVE_SYS_STAT_H 1
#define HAVE_SYS_STAT_H 1
#define HAVE_SYS_SYSMACROS_H 1
#define HAVE_SYS_TIME_H 1
#define HAVE_SYS_TYPES_H 1
#define HAVE_SYS_WAIT_H 1
#define HAVE_TCFLUSH 1
#define HAVE_TCSETATTR 1
#define HAVE_TERMIOS_H 1
#define HAVE_TERMIO_H 1
#define HAVE_TZSET 1
#define HAVE_UNISTD_H 1
#define HAVE_UNISTD_H 1
#define HAVE_UTIMES 1
#define HAVE_UTIME_H 1
#define PACKAGE_BUGREPORT ""
#define PACKAGE_NAME ""
#define PACKAGE_STRING ""
#define PACKAGE_TARNAME ""
#define PACKAGE_VERSION ""
#define RETSIGTYPE void
#define SETPGRP_VOID 1
#define STDC_HEADERS 1
#define STDC_HEADERS 1
#define TIME_WITH_SYS_TIME 1
#define USE_RAWTERM 1
#define USE_XDF 1
#define X_DISPLAY_MISSING 1

configure: exit 0
